<?xml version="1.0" encoding="UTF-8"?>
<!-- Generated by org.testng.reporters.JUnitReportReporter -->
<testsuite hostname="Rajkumars-Air.lan" failures="0" tests="1" name="com.testcases.LocalTestExecution" time="42.063" errors="0" timestamp="2024-06-27T14:14:42 BST" skipped="0">
  <testcase classname="com.testcases.LocalTestExecution" name="LaunchBrowser" time="42.063"/>
  <system-out/>
</testsuite> <!-- com.testcases.LocalTestExecution -->
