<?xml version="1.0" encoding="UTF-8"?>
<!-- Generated by org.testng.reporters.JUnitReportReporter -->
<testsuite hostname="Rajkumars-MacBook-Air.local" failures="0" tests="1" name="com.testcases.AmazonSerchTestCase" time="53.351" errors="0" timestamp="2024-06-19T14:23:51 BST" skipped="0">
  <testcase classname="com.testcases.AmazonSerchTestCase" name="AmazonDynamicSearchTest" time="53.351"/>
  <system-out/>
</testsuite> <!-- com.testcases.AmazonSerchTestCase -->
