<?xml version="1.0" encoding="UTF-8"?>
<!-- Generated by org.testng.reporters.JUnitReportReporter -->
<testsuite hostname="Rajkumars-MacBook-Air.local" failures="0" tests="1" name="com.testcases.LocalTestExecution" time="5.273" errors="0" timestamp="2024-06-15T12:20:27 BST" skipped="0">
  <testcase classname="com.testcases.LocalTestExecution" name="LaunchBrowser" time="5.273"/>
  <system-out/>
</testsuite> <!-- com.testcases.LocalTestExecution -->
